[I 17:56:42.641 NotebookApp] The port 8888 is already in use, trying another port.
[I 17:56:42.689 NotebookApp] [jupyter_nbextensions_configurator] enabled 0.4.1
[I 17:56:42.689 NotebookApp] Serving notebooks from local directory: /Users/wenbin/Desktop/Unimelb courses/COMP90042 Web Search/Project/AutomaticFactVerification
[I 17:56:42.689 NotebookApp] The Jupyter Notebook is running at:
[I 17:56:42.689 NotebookApp] http://localhost:8889/?token=9528fd81b06cc7e167ad9bce39b1f66d1866b8f6e5659c9c
[I 17:56:42.689 NotebookApp] Use Control-C to stop this server and shut down all kernels (twice to skip confirmation).
[C 17:56:42.697 NotebookApp] 
    
    To access the notebook, open this file in a browser:
        file:///Users/wenbin/Library/Jupyter/runtime/nbserver-13266-open.html
    Or copy and paste one of these URLs:
        http://localhost:8889/?token=9528fd81b06cc7e167ad9bce39b1f66d1866b8f6e5659c9c
[I 17:56:49.953 NotebookApp] Kernel started: 766f8093-46be-48e2-a6e7-a49de5e347ec
[W 17:56:50.356 NotebookApp] 404 GET /nbextensions/widgets/notebook/js/extension.js?v=20190430175642 (::1) 11.51ms referer=http://localhost:8889/notebooks/PredictLabel.ipynb
[I 17:56:50.681 NotebookApp] Adapting to protocol v5.1 for kernel 766f8093-46be-48e2-a6e7-a49de5e347ec
[I 18:14:04.955 NotebookApp] Kernel started: 0cd68b07-2d76-4994-b422-b495a278b2cd
[W 18:14:05.184 NotebookApp] 404 GET /nbextensions/widgets/notebook/js/extension.js?v=20190430175642 (::1) 5.06ms referer=http://localhost:8889/notebooks/GetEvidence.ipynb
[I 18:14:05.697 NotebookApp] Adapting to protocol v5.1 for kernel 0cd68b07-2d76-4994-b422-b495a278b2cd
[I 18:16:04.962 NotebookApp] Saving file at /GetEvidence.ipynb
[I 18:18:04.967 NotebookApp] Saving file at /GetEvidence.ipynb
[I 19:58:09.530 NotebookApp] Starting buffering for 766f8093-46be-48e2-a6e7-a49de5e347ec:745ef975c80d4ff589ee387f21adf1b3
[I 19:58:10.054 NotebookApp] Starting buffering for 0cd68b07-2d76-4994-b422-b495a278b2cd:07aaf1a2dffe45388f4308c18464b765
[C 01:20:21.503 NotebookApp] received signal 15, stopping
[I 01:20:21.511 NotebookApp] Shutting down 2 kernels
[I 01:20:21.823 NotebookApp] Kernel shutdown: 766f8093-46be-48e2-a6e7-a49de5e347ec
[I 18:05:47.594 NotebookApp] The port 8888 is already in use, trying another port.
[I 18:05:47.643 NotebookApp] [jupyter_nbextensions_configurator] enabled 0.4.1
[I 18:05:47.643 NotebookApp] Serving notebooks from local directory: /Users/wenbin/Desktop/Unimelb courses/COMP90042 Web Search/Project/AutomaticFactVerification
[I 18:05:47.644 NotebookApp] The Jupyter Notebook is running at:
[I 18:05:47.644 NotebookApp] http://localhost:8889/?token=9e18c575075421c998685764d87d2dbf6436ad0ee2ed3cb5
[I 18:05:47.644 NotebookApp] Use Control-C to stop this server and shut down all kernels (twice to skip confirmation).
[C 18:05:47.649 NotebookApp] 
    
    To access the notebook, open this file in a browser:
        file:///Users/wenbin/Library/Jupyter/runtime/nbserver-12253-open.html
    Or copy and paste one of these URLs:
        http://localhost:8889/?token=9e18c575075421c998685764d87d2dbf6436ad0ee2ed3cb5
[I 18:05:54.212 NotebookApp] Kernel started: c4eb0179-c916-43e9-9687-43a4d6e79890
[W 18:05:54.613 NotebookApp] 404 GET /nbextensions/widgets/notebook/js/extension.js?v=20190507180546 (::1) 16.37ms referer=http://localhost:8889/notebooks/PredictLabel.ipynb
[I 18:05:54.949 NotebookApp] Adapting to protocol v5.1 for kernel c4eb0179-c916-43e9-9687-43a4d6e79890
[I 21:31:33.316 NotebookApp] Starting buffering for c4eb0179-c916-43e9-9687-43a4d6e79890:7851043bf934466698af5ced36800e1b
[C 22:19:23.063 NotebookApp] received signal 15, stopping
[I 22:19:23.067 NotebookApp] Shutting down 1 kernel
[I 22:19:23.271 NotebookApp] Kernel shutdown: c4eb0179-c916-43e9-9687-43a4d6e79890
[I 13:30:56.174 NotebookApp] [jupyter_nbextensions_configurator] enabled 0.4.1
[I 13:30:56.180 NotebookApp] Serving notebooks from local directory: /Users/wenbin/Desktop/Unimelb courses/COMP90042 Web Search/Project/AutomaticFactVerification
[I 13:30:56.181 NotebookApp] The Jupyter Notebook is running at:
[I 13:30:56.181 NotebookApp] http://localhost:8888/?token=3fad729f7162f01a48eea099054b50d4080a749cc7e758c6
[I 13:30:56.181 NotebookApp] Use Control-C to stop this server and shut down all kernels (twice to skip confirmation).
[C 13:30:56.190 NotebookApp] 
    
    To access the notebook, open this file in a browser:
        file:///Users/wenbin/Library/Jupyter/runtime/nbserver-2030-open.html
    Or copy and paste one of these URLs:
        http://localhost:8888/?token=3fad729f7162f01a48eea099054b50d4080a749cc7e758c6
[I 13:31:01.526 NotebookApp] Kernel started: 78413664-b7a7-4435-9fe6-437c84f4b1e3
[W 13:31:01.969 NotebookApp] 404 GET /nbextensions/widgets/notebook/js/extension.js?v=20190516133055 (::1) 9.83ms referer=http://localhost:8888/notebooks/PredictLabel.ipynb
[I 13:31:02.160 NotebookApp] Adapting to protocol v5.1 for kernel 78413664-b7a7-4435-9fe6-437c84f4b1e3
[I 13:31:12.810 NotebookApp] Starting buffering for 78413664-b7a7-4435-9fe6-437c84f4b1e3:18bd20c42661437590a6090740c06d01
[I 13:31:13.022 NotebookApp] Kernel restarted: 78413664-b7a7-4435-9fe6-437c84f4b1e3
[I 13:31:13.585 NotebookApp] Adapting to protocol v5.1 for kernel 78413664-b7a7-4435-9fe6-437c84f4b1e3
[I 13:31:13.586 NotebookApp] Restoring connection for 78413664-b7a7-4435-9fe6-437c84f4b1e3:18bd20c42661437590a6090740c06d01
[I 13:31:13.586 NotebookApp] Replaying 3 buffered messages
[I 13:33:02.160 NotebookApp] Saving file at /PredictLabel.ipynb
2019-05-16 13:33:54.505960: I tensorflow/core/platform/cpu_feature_guard.cc:141] Your CPU supports instructions that this TensorFlow binary was not compiled to use: AVX2 FMA
[I 13:35:01.526 NotebookApp] Saving file at /PredictLabel.ipynb
[I 13:37:01.517 NotebookApp] Saving file at /PredictLabel.ipynb
[I 13:39:02.249 NotebookApp] Saving file at /PredictLabel.ipynb
[I 13:41:01.630 NotebookApp] Saving file at /PredictLabel.ipynb
[I 13:43:01.517 NotebookApp] Saving file at /PredictLabel.ipynb
[I 13:45:01.521 NotebookApp] Saving file at /PredictLabel.ipynb
[I 13:47:01.878 NotebookApp] Saving file at /PredictLabel.ipynb
[IPKernelApp] ERROR | Exception in message handler:
Traceback (most recent call last):
  File "/Users/wenbin/Library/Python/3.6/lib/python/site-packages/jedi/cache.py", line 116, in wrapper
    return dct[key]
KeyError: ((), frozenset())

During handling of the above exception, another exception occurred:

Traceback (most recent call last):
  File "/Users/wenbin/Library/Python/3.6/lib/python/site-packages/ipykernel/kernelbase.py", line 233, in dispatch_shell
    handler(stream, idents, msg)
  File "/Users/wenbin/Library/Python/3.6/lib/python/site-packages/ipykernel/kernelbase.py", line 434, in complete_request
    matches = self.do_complete(code, cursor_pos)
  File "/Users/wenbin/Library/Python/3.6/lib/python/site-packages/ipykernel/ipkernel.py", line 262, in do_complete
    return self._experimental_do_complete(code, cursor_pos)
  File "/Users/wenbin/Library/Python/3.6/lib/python/site-packages/ipykernel/ipkernel.py", line 287, in _experimental_do_complete
    completions = list(_rectify_completions(code, raw_completions))
  File "/Users/wenbin/Library/Python/3.6/lib/python/site-packages/IPython/core/completer.py", line 484, in rectify_completions
    completions = list(completions)
  File "/Users/wenbin/Library/Python/3.6/lib/python/site-packages/IPython/core/completer.py", line 1791, in completions
    for c in self._completions(text, offset, _timeout=self.jedi_compute_type_timeout/1000):
  File "/Users/wenbin/Library/Python/3.6/lib/python/site-packages/IPython/core/completer.py", line 1844, in _completions
    signature = _make_signature(jm)
  File "/Users/wenbin/Library/Python/3.6/lib/python/site-packages/IPython/core/completer.py", line 989, in _make_signature
    return '(%s)'% ', '.join([f for f in (_formatparamchildren(p) for p in completion.params) if f])
  File "/Users/wenbin/Library/Python/3.6/lib/python/site-packages/jedi/cache.py", line 118, in wrapper
    result = method(self, *args, **kwargs)
  File "/Users/wenbin/Library/Python/3.6/lib/python/site-packages/jedi/api/classes.py", line 347, in params
    raise AttributeError()
AttributeError
[I 13:49:02.112 NotebookApp] Saving file at /PredictLabel.ipynb
[I 13:51:01.529 NotebookApp] Saving file at /PredictLabel.ipynb
[I 13:52:30.049 NotebookApp] Kernel interrupted: 78413664-b7a7-4435-9fe6-437c84f4b1e3
[I 13:52:35.997 NotebookApp] Kernel interrupted: 78413664-b7a7-4435-9fe6-437c84f4b1e3
[I 13:53:01.524 NotebookApp] Saving file at /PredictLabel.ipynb
[I 13:53:30.987 NotebookApp] Kernel interrupted: 78413664-b7a7-4435-9fe6-437c84f4b1e3
[I 13:53:39.290 NotebookApp] Kernel interrupted: 78413664-b7a7-4435-9fe6-437c84f4b1e3
[I 13:55:01.878 NotebookApp] Saving file at /PredictLabel.ipynb
[I 13:57:02.303 NotebookApp] Saving file at /PredictLabel.ipynb
[I 13:58:08.777 NotebookApp] Kernel interrupted: 78413664-b7a7-4435-9fe6-437c84f4b1e3
[I 13:58:12.233 NotebookApp] Kernel interrupted: 78413664-b7a7-4435-9fe6-437c84f4b1e3
[I 13:59:01.531 NotebookApp] Saving file at /PredictLabel.ipynb
[I 14:01:01.932 NotebookApp] Saving file at /PredictLabel.ipynb
[I 14:03:02.123 NotebookApp] Saving file at /PredictLabel.ipynb
[I 14:05:01.554 NotebookApp] Saving file at /PredictLabel.ipynb
[I 14:09:01.533 NotebookApp] Saving file at /PredictLabel.ipynb
[I 14:15:06.634 NotebookApp] Kernel interrupted: 78413664-b7a7-4435-9fe6-437c84f4b1e3
[I 14:15:10.455 NotebookApp] Kernel interrupted: 78413664-b7a7-4435-9fe6-437c84f4b1e3
[I 14:17:01.578 NotebookApp] Saving file at /PredictLabel.ipynb
[I 14:19:01.554 NotebookApp] Saving file at /PredictLabel.ipynb
[I 14:21:01.558 NotebookApp] Saving file at /PredictLabel.ipynb
[I 14:23:02.169 NotebookApp] Saving file at /PredictLabel.ipynb
[I 14:25:25.489 NotebookApp] Kernel interrupted: 78413664-b7a7-4435-9fe6-437c84f4b1e3
[I 14:25:27.707 NotebookApp] Kernel interrupted: 78413664-b7a7-4435-9fe6-437c84f4b1e3
[I 14:25:28.707 NotebookApp] Kernel interrupted: 78413664-b7a7-4435-9fe6-437c84f4b1e3
[I 14:27:01.557 NotebookApp] Saving file at /PredictLabel.ipynb
[I 14:29:01.886 NotebookApp] Saving file at /PredictLabel.ipynb
[I 14:31:01.562 NotebookApp] Saving file at /PredictLabel.ipynb
[I 14:32:50.907 NotebookApp] Kernel interrupted: 78413664-b7a7-4435-9fe6-437c84f4b1e3
[I 14:33:01.538 NotebookApp] Saving file at /PredictLabel.ipynb
[I 14:35:01.580 NotebookApp] Saving file at /PredictLabel.ipynb
[I 14:37:01.561 NotebookApp] Saving file at /PredictLabel.ipynb
[I 14:40:27.622 NotebookApp] Kernel interrupted: 78413664-b7a7-4435-9fe6-437c84f4b1e3
[I 14:40:28.405 NotebookApp] Kernel interrupted: 78413664-b7a7-4435-9fe6-437c84f4b1e3
[I 14:41:01.531 NotebookApp] Saving file at /PredictLabel.ipynb
[I 14:43:01.549 NotebookApp] Saving file at /PredictLabel.ipynb
[I 14:45:01.549 NotebookApp] Saving file at /PredictLabel.ipynb
[I 14:47:01.903 NotebookApp] Saving file at /PredictLabel.ipynb
[I 14:51:01.534 NotebookApp] Saving file at /PredictLabel.ipynb
[I 14:51:09.642 NotebookApp] Kernel interrupted: 78413664-b7a7-4435-9fe6-437c84f4b1e3
[I 14:53:01.539 NotebookApp] Saving file at /PredictLabel.ipynb
[I 14:53:18.694 NotebookApp] Starting buffering for 78413664-b7a7-4435-9fe6-437c84f4b1e3:18bd20c42661437590a6090740c06d01
[I 14:53:21.691 NotebookApp] Kernel shutdown: 78413664-b7a7-4435-9fe6-437c84f4b1e3
[E 14:53:30.704 NotebookApp] Exception restarting kernel
    Traceback (most recent call last):
      File "/usr/local/lib/python3.6/site-packages/notebook/services/kernels/handlers.py", line 85, in post
        yield gen.maybe_future(km.restart_kernel(kernel_id))
      File "/Users/wenbin/Library/Python/3.6/lib/python/site-packages/tornado/gen.py", line 1055, in run
        value = future.result()
      File "/Users/wenbin/Library/Python/3.6/lib/python/site-packages/tornado/concurrent.py", line 238, in result
        raise_exc_info(self._exc_info)
      File "<string>", line 4, in raise_exc_info
      File "/Users/wenbin/Library/Python/3.6/lib/python/site-packages/tornado/gen.py", line 307, in wrapper
        yielded = next(result)
      File "/usr/local/lib/python3.6/site-packages/notebook/services/kernels/kernelmanager.py", line 286, in restart_kernel
        self._check_kernel_id(kernel_id)
      File "/usr/local/lib/python3.6/site-packages/notebook/services/kernels/kernelmanager.py", line 366, in _check_kernel_id
        raise web.HTTPError(404, u'Kernel does not exist: %s' % kernel_id)
    tornado.web.HTTPError: HTTP 404: Not Found (Kernel does not exist: 78413664-b7a7-4435-9fe6-437c84f4b1e3)
[E 14:53:30.716 NotebookApp] {
      "Host": "localhost:8888",
      "Connection": "keep-alive",
      "Content-Length": "0",
      "Accept": "application/json, text/javascript, */*; q=0.01",
      "Origin": "http://localhost:8888",
      "X-Requested-With": "XMLHttpRequest",
      "X-Xsrftoken": "2|171af828|ac99a8788061fd3279db934ac02e647a|1557814598",
      "User-Agent": "Mozilla/5.0 (Macintosh; Intel Mac OS X 10_14_3) AppleWebKit/537.36 (KHTML, like Gecko) Chrome/74.0.3729.157 Safari/537.36",
      "Referer": "http://localhost:8888/notebooks/PredictLabel.ipynb",
      "Accept-Encoding": "gzip, deflate, br",
      "Accept-Language": "zh-CN,zh;q=0.9,en;q=0.8,zh-TW;q=0.7",
      "Cookie": "username-localhost-8891=\"2|1:0|10:1556696819|23:username-localhost-8891|44:ZjgwNjM3NGY2ZTNjNGQ5ZWIyMzI4MWUzNTg4OWFkMmM=|6b719ed85bfe7e66df2f7d71d60f192eb15660a63473a6b95b9c22a80f44b16c\"; username-localhost-8892=\"2|1:0|10:1556807300|23:username-localhost-8892|44:NjI3ZGNkYjJhYWNkNGFkN2FmMGY4MjA1NGU4N2E4ZTA=|3c4749bfcabb9293863a60aad1279b3795202931aafa9c71100006168cb1aae9\"; username-localhost-8890=\"2|1:0|10:1557146168|23:username-localhost-8890|44:NzQxOWM2ODhlZTA0NDBjYjgzZGVlNjgyMjhhMGRjMGY=|e75b1644ed6b654b3da2c3775768acd3c77f124b1c0edf496fab605b98852d9a\"; username-localhost-8889=\"2|1:0|10:1557216349|23:username-localhost-8889|44:YzAwYmY2YjVhYjI2NDk1YTg2NDJmZjIyNDdiOWNlYzI=|3fde87c2e04f2065aab6f523b28ba790d8faf4cbe901e01de4072503c3828bd6\"; _xsrf=2|171af828|ac99a8788061fd3279db934ac02e647a|1557814598; username-localhost-8888=\"2|1:0|10:1557977457|23:username-localhost-8888|44:NWMwMjkxNzY1MmFjNDE3Mjg1OThlZjBhYTJmY2I0MmY=|7c24833ea1c7842a213ec3cf31a25d98b81808b78234c1a0c385ee27cf7f507a\""
    }
[E 14:53:30.717 NotebookApp] 500 POST /api/kernels/78413664-b7a7-4435-9fe6-437c84f4b1e3/restart (::1) 12.81ms referer=http://localhost:8888/notebooks/PredictLabel.ipynb
[W 14:53:30.721 NotebookApp] 404 DELETE /api/sessions/50a5ebcb-610a-4654-b6e2-1d216924bbdc (::1): Session not found: session_id='50a5ebcb-610a-4654-b6e2-1d216924bbdc'
[W 14:53:30.722 NotebookApp] Session not found: session_id='50a5ebcb-610a-4654-b6e2-1d216924bbdc'
[W 14:53:30.722 NotebookApp] 404 DELETE /api/sessions/50a5ebcb-610a-4654-b6e2-1d216924bbdc (::1) 2.26ms referer=http://localhost:8888/notebooks/PredictLabel.ipynb
[I 14:53:30.740 NotebookApp] Kernel started: ad7b982c-0573-4851-b96a-ce0008fdeefa
[I 14:53:31.654 NotebookApp] Adapting to protocol v5.1 for kernel ad7b982c-0573-4851-b96a-ce0008fdeefa
[I 14:53:39.453 NotebookApp] Starting buffering for ad7b982c-0573-4851-b96a-ce0008fdeefa:18bd20c42661437590a6090740c06d01
[I 14:53:39.771 NotebookApp] Kernel restarted: ad7b982c-0573-4851-b96a-ce0008fdeefa
[I 14:53:40.380 NotebookApp] Adapting to protocol v5.1 for kernel ad7b982c-0573-4851-b96a-ce0008fdeefa
[I 14:53:40.381 NotebookApp] Restoring connection for ad7b982c-0573-4851-b96a-ce0008fdeefa:18bd20c42661437590a6090740c06d01
[I 14:53:40.381 NotebookApp] Replaying 6 buffered messages
[I 14:53:44.469 NotebookApp] Saving file at /PredictLabel.ipynb
[I 14:53:44.503 NotebookApp] Starting buffering for ad7b982c-0573-4851-b96a-ce0008fdeefa:18bd20c42661437590a6090740c06d01
[I 14:53:51.966 NotebookApp] Adapting to protocol v5.1 for kernel ad7b982c-0573-4851-b96a-ce0008fdeefa
[W 14:53:52.246 NotebookApp] 404 GET /nbextensions/widgets/notebook/js/extension.js?v=20190516133055 (::1) 2.16ms referer=http://localhost:8888/notebooks/PredictLabel.ipynb
[I 14:53:56.673 NotebookApp] Starting buffering for ad7b982c-0573-4851-b96a-ce0008fdeefa:a5e871f6fb51454a84a6f862836db975
[I 14:53:58.867 NotebookApp] Kernel shutdown: ad7b982c-0573-4851-b96a-ce0008fdeefa
[I 14:54:20.531 NotebookApp] Kernel started: a7519504-8182-41f1-82bd-be31c3cc70e4
[W 14:54:20.934 NotebookApp] 404 GET /nbextensions/widgets/notebook/js/extension.js?v=20190516133055 (::1) 3.17ms referer=http://localhost:8888/notebooks/PredictLabel.ipynb
[I 14:54:21.256 NotebookApp] Adapting to protocol v5.1 for kernel a7519504-8182-41f1-82bd-be31c3cc70e4
[I 14:56:20.538 NotebookApp] Saving file at /PredictLabel.ipynb
[I 14:58:20.562 NotebookApp] Saving file at /PredictLabel.ipynb
[I 15:00:20.543 NotebookApp] Saving file at /PredictLabel.ipynb
[I 15:02:20.573 NotebookApp] Saving file at /PredictLabel.ipynb
2019-05-16 15:04:12.984326: I tensorflow/core/platform/cpu_feature_guard.cc:141] Your CPU supports instructions that this TensorFlow binary was not compiled to use: AVX2 FMA
[I 15:04:20.584 NotebookApp] Saving file at /PredictLabel.ipynb
2019-05-16 15:05:07.303513: I tensorflow/core/platform/cpu_feature_guard.cc:141] Your CPU supports instructions that this TensorFlow binary was not compiled to use: AVX2 FMA
2019-05-16 15:05:51.428005: I tensorflow/core/platform/cpu_feature_guard.cc:141] Your CPU supports instructions that this TensorFlow binary was not compiled to use: AVX2 FMA
[I 15:06:20.602 NotebookApp] Saving file at /PredictLabel.ipynb
2019-05-16 15:06:29.765934: I tensorflow/core/platform/cpu_feature_guard.cc:141] Your CPU supports instructions that this TensorFlow binary was not compiled to use: AVX2 FMA
2019-05-16 15:07:05.337558: I tensorflow/core/platform/cpu_feature_guard.cc:141] Your CPU supports instructions that this TensorFlow binary was not compiled to use: AVX2 FMA
[I 15:08:20.560 NotebookApp] Saving file at /PredictLabel.ipynb
[I 15:10:20.543 NotebookApp] Saving file at /PredictLabel.ipynb
[I 15:12:20.543 NotebookApp] Saving file at /PredictLabel.ipynb
[I 15:13:55.728 NotebookApp] Saving file at /PredictLabel.ipynb
[I 15:13:57.132 NotebookApp] Saving file at /PredictLabel.ipynb
[I 15:14:11.124 NotebookApp] Saving file at /PredictLabel.ipynb
[I 15:14:20.538 NotebookApp] Saving file at /PredictLabel.ipynb
[I 15:16:20.549 NotebookApp] Saving file at /PredictLabel.ipynb
[I 15:18:21.659 NotebookApp] Saving file at /PredictLabel.ipynb
[I 15:20:20.553 NotebookApp] Saving file at /PredictLabel.ipynb
[I 15:21:54.373 NotebookApp] Saving file at /PredictLabel.ipynb
[I 15:22:20.553 NotebookApp] Saving file at /PredictLabel.ipynb
[I 15:22:30.550 NotebookApp] Saving file at /PredictLabel.ipynb
[I 15:24:20.548 NotebookApp] Saving file at /PredictLabel.ipynb
[I 15:25:33.256 NotebookApp] Kernel interrupted: a7519504-8182-41f1-82bd-be31c3cc70e4
ERROR:tornado.general:Uncaught exception in ZMQStream callback
Traceback (most recent call last):
  File "/Users/wenbin/Library/Python/3.6/lib/python/site-packages/jedi/cache.py", line 116, in wrapper
    return dct[key]
KeyError: ((), frozenset())

During handling of the above exception, another exception occurred:

Traceback (most recent call last):
  File "/Users/wenbin/Library/Python/3.6/lib/python/site-packages/zmq/eventloop/zmqstream.py", line 432, in _run_callback
    callback(*args, **kwargs)
  File "/Users/wenbin/Library/Python/3.6/lib/python/site-packages/tornado/stack_context.py", line 277, in null_wrapper
    return fn(*args, **kwargs)
  File "/Users/wenbin/Library/Python/3.6/lib/python/site-packages/ipykernel/kernelbase.py", line 283, in dispatcher
    return self.dispatch_shell(stream, msg)
  File "/Users/wenbin/Library/Python/3.6/lib/python/site-packages/ipykernel/kernelbase.py", line 233, in dispatch_shell
    handler(stream, idents, msg)
  File "/Users/wenbin/Library/Python/3.6/lib/python/site-packages/ipykernel/kernelbase.py", line 434, in complete_request
    matches = self.do_complete(code, cursor_pos)
  File "/Users/wenbin/Library/Python/3.6/lib/python/site-packages/ipykernel/ipkernel.py", line 262, in do_complete
    return self._experimental_do_complete(code, cursor_pos)
  File "/Users/wenbin/Library/Python/3.6/lib/python/site-packages/ipykernel/ipkernel.py", line 287, in _experimental_do_complete
    completions = list(_rectify_completions(code, raw_completions))
  File "/Users/wenbin/Library/Python/3.6/lib/python/site-packages/IPython/core/completer.py", line 484, in rectify_completions
    completions = list(completions)
  File "/Users/wenbin/Library/Python/3.6/lib/python/site-packages/IPython/core/completer.py", line 1791, in completions
    for c in self._completions(text, offset, _timeout=self.jedi_compute_type_timeout/1000):
  File "/Users/wenbin/Library/Python/3.6/lib/python/site-packages/IPython/core/completer.py", line 1831, in _completions
    full_text=full_text, cursor_line=cursor_line, cursor_pos=cursor_column)
  File "/Users/wenbin/Library/Python/3.6/lib/python/site-packages/IPython/core/completer.py", line 1998, in _complete
    cursor_pos, cursor_line, full_text)
  File "/Users/wenbin/Library/Python/3.6/lib/python/site-packages/IPython/core/completer.py", line 1369, in _jedi_matches
    return filter(completion_filter, interpreter.completions())
  File "/Users/wenbin/Library/Python/3.6/lib/python/site-packages/jedi/api/__init__.py", line 155, in completions
    self._evaluator, self._get_module(), self._code_lines,
  File "/Users/wenbin/Library/Python/3.6/lib/python/site-packages/jedi/api/__init__.py", line 363, in _get_module
    parser_module = super(Interpreter, self)._get_module_node()
  File "/Users/wenbin/Library/Python/3.6/lib/python/site-packages/jedi/cache.py", line 118, in wrapper
    result = method(self, *args, **kwargs)
  File "/Users/wenbin/Library/Python/3.6/lib/python/site-packages/jedi/api/__init__.py", line 126, in _get_module_node
    cache_path=settings.cache_directory
  File "/Users/wenbin/Library/Python/3.6/lib/python/site-packages/parso/grammar.py", line 77, in parse
    return self._parse(code=code, **kwargs)
  File "/Users/wenbin/Library/Python/3.6/lib/python/site-packages/parso/grammar.py", line 127, in _parse
    new_lines=lines
  File "/Users/wenbin/Library/Python/3.6/lib/python/site-packages/parso/python/diff.py", line 145, in update
    self._copy_from_old_parser(line_offset, i2, j2)
  File "/Users/wenbin/Library/Python/3.6/lib/python/site-packages/parso/python/diff.py", line 179, in _copy_from_old_parser
    parsed_until_line_old = self._nodes_stack.parsed_until_line - line_offset
  File "/Users/wenbin/Library/Python/3.6/lib/python/site-packages/parso/python/diff.py", line 407, in parsed_until_line
    return self._tos.get_last_line(self.prefix)
  File "/Users/wenbin/Library/Python/3.6/lib/python/site-packages/parso/python/diff.py", line 369, in get_last_line
    children_group = self.children_groups[-1]
KeyboardInterrupt
[I 15:25:34.418 NotebookApp] Kernel interrupted: a7519504-8182-41f1-82bd-be31c3cc70e4
[I 15:25:35.538 NotebookApp] KernelRestarter: restarting kernel (1/5), keep random ports
WARNING:root:kernel a7519504-8182-41f1-82bd-be31c3cc70e4 restarted
[I 15:26:20.549 NotebookApp] Saving file at /PredictLabel.ipynb
[I 15:28:20.551 NotebookApp] Saving file at /PredictLabel.ipynb
[I 15:29:15.277 NotebookApp] Saving file at /PredictLabel.ipynb
[I 15:30:20.889 NotebookApp] Saving file at /PredictLabel.ipynb
[I 16:27:20.183 NotebookApp] Saving file at /PredictLabel.ipynb
[I 16:28:18.504 NotebookApp] Saving file at /PredictLabel.ipynb
[I 16:28:47.528 NotebookApp] Saving file at /PredictLabel.ipynb
[I 16:29:20.177 NotebookApp] Saving file at /PredictLabel.ipynb
[I 16:31:20.522 NotebookApp] Saving file at /PredictLabel.ipynb
[I 16:37:10.182 NotebookApp] Saving file at /PredictLabel.ipynb
[I 16:37:12.630 NotebookApp] Saving file at /PredictLabel.ipynb
[I 16:37:13.825 NotebookApp] Saving file at /PredictLabel.ipynb
[I 16:39:20.180 NotebookApp] Saving file at /PredictLabel.ipynb
[I 16:41:20.177 NotebookApp] Saving file at /PredictLabel.ipynb
[I 16:41:21.592 NotebookApp] Saving file at /PredictLabel.ipynb
[I 16:42:34.405 NotebookApp] Saving file at /PredictLabel.ipynb
[I 16:43:06.823 NotebookApp] Saving file at /PredictLabel.ipynb
[I 16:45:20.179 NotebookApp] Saving file at /PredictLabel.ipynb
[I 16:47:20.182 NotebookApp] Saving file at /PredictLabel.ipynb
[I 16:48:44.122 NotebookApp] Saving file at /PredictLabel.ipynb
[I 16:49:20.179 NotebookApp] Saving file at /PredictLabel.ipynb
[I 16:50:32.476 NotebookApp] Saving file at /PredictLabel.ipynb
[I 16:50:33.494 NotebookApp] Saving file at /PredictLabel.ipynb
[I 16:51:02.163 NotebookApp] Saving file at /PredictLabel.ipynb
[I 16:51:20.180 NotebookApp] Saving file at /PredictLabel.ipynb
[I 16:53:20.178 NotebookApp] Saving file at /PredictLabel.ipynb
[I 16:55:20.190 NotebookApp] Saving file at /PredictLabel.ipynb
[I 16:56:58.211 NotebookApp] Saving file at /PredictLabel.ipynb
[I 16:57:20.184 NotebookApp] Saving file at /PredictLabel.ipynb
[I 16:59:12.146 NotebookApp] Saving file at /PredictLabel.ipynb
[I 17:01:20.186 NotebookApp] Saving file at /PredictLabel.ipynb
[I 17:02:43.895 NotebookApp] Saving file at /PredictLabel.ipynb
[I 17:02:49.874 NotebookApp] Saving file at /PredictLabel.ipynb
[I 17:03:16.913 NotebookApp] Saving file at /PredictLabel.ipynb
[I 17:03:19.249 NotebookApp] Saving file at /PredictLabel.ipynb
[I 17:04:12.222 NotebookApp] Saving file at /PredictLabel.ipynb
[I 17:04:12.943 NotebookApp] Saving file at /PredictLabel.ipynb
[I 17:04:13.541 NotebookApp] Saving file at /PredictLabel.ipynb
[I 17:04:15.026 NotebookApp] Saving file at /PredictLabel.ipynb
[I 17:04:23.646 NotebookApp] Saving file at /PredictLabel.ipynb
[I 17:04:23.813 NotebookApp] Saving file at /PredictLabel.ipynb
[I 17:04:23.969 NotebookApp] Saving file at /PredictLabel.ipynb
[I 17:04:24.100 NotebookApp] Saving file at /PredictLabel.ipynb
[I 17:04:24.409 NotebookApp] Saving file at /PredictLabel.ipynb
[I 17:04:24.672 NotebookApp] Saving file at /PredictLabel.ipynb
[I 17:04:25.017 NotebookApp] Saving file at /PredictLabel.ipynb
[I 17:04:25.866 NotebookApp] Saving file at /PredictLabel.ipynb
[I 17:04:26.680 NotebookApp] Saving file at /PredictLabel.ipynb
[I 17:04:58.874 NotebookApp] Saving file at /PredictLabel.ipynb
[I 17:05:20.182 NotebookApp] Saving file at /PredictLabel.ipynb
[I 17:06:05.895 NotebookApp] Saving file at /PredictLabel.ipynb
[I 17:06:06.657 NotebookApp] Saving file at /PredictLabel.ipynb
[I 17:06:06.789 NotebookApp] Saving file at /PredictLabel.ipynb
[I 17:06:56.542 NotebookApp] Saving file at /PredictLabel.ipynb
[I 17:07:18.631 NotebookApp] Saving file at /PredictLabel.ipynb
[I 17:07:18.797 NotebookApp] Saving file at /PredictLabel.ipynb
[I 17:07:18.963 NotebookApp] Saving file at /PredictLabel.ipynb
[I 17:07:19.185 NotebookApp] Saving file at /PredictLabel.ipynb
[I 17:07:19.313 NotebookApp] Saving file at /PredictLabel.ipynb
[I 17:07:51.992 NotebookApp] Saving file at /PredictLabel.ipynb
[I 17:07:56.374 NotebookApp] Saving file at /PredictLabel.ipynb
[I 17:08:04.640 NotebookApp] Saving file at /PredictLabel.ipynb
[I 17:08:06.882 NotebookApp] Saving file at /PredictLabel.ipynb
[I 17:08:18.442 NotebookApp] Starting buffering for a7519504-8182-41f1-82bd-be31c3cc70e4:fc197e8b86404a1d8d9572ea9cda6f1e
[I 17:08:19.570 NotebookApp] Kernel restarted: a7519504-8182-41f1-82bd-be31c3cc70e4
[I 17:08:20.263 NotebookApp] Adapting to protocol v5.1 for kernel a7519504-8182-41f1-82bd-be31c3cc70e4
[I 17:08:20.264 NotebookApp] Restoring connection for a7519504-8182-41f1-82bd-be31c3cc70e4:fc197e8b86404a1d8d9572ea9cda6f1e
[I 17:08:20.264 NotebookApp] Replaying 5 buffered messages
[I 17:09:20.184 NotebookApp] Saving file at /PredictLabel.ipynb
[I 17:09:35.352 NotebookApp] Saving file at /PredictLabel.ipynb
[I 17:09:37.232 NotebookApp] Saving file at /PredictLabel.ipynb
[I 17:11:20.183 NotebookApp] Saving file at /PredictLabel.ipynb
2019-05-16 17:11:56.032822: I tensorflow/core/platform/cpu_feature_guard.cc:141] Your CPU supports instructions that this TensorFlow binary was not compiled to use: AVX2 FMA
[I 17:12:03.545 NotebookApp] Kernel interrupted: a7519504-8182-41f1-82bd-be31c3cc70e4
[I 17:12:31.410 NotebookApp] Saving file at /PredictLabel.ipynb
[I 17:12:31.556 NotebookApp] Saving file at /PredictLabel.ipynb
[I 17:12:31.684 NotebookApp] Saving file at /PredictLabel.ipynb
[I 17:13:02.273 NotebookApp] Kernel interrupted: a7519504-8182-41f1-82bd-be31c3cc70e4
[I 17:13:20.189 NotebookApp] Saving file at /PredictLabel.ipynb
[I 17:14:29.007 NotebookApp] Kernel interrupted: a7519504-8182-41f1-82bd-be31c3cc70e4
[I 17:14:50.329 NotebookApp] Saving file at /PredictLabel.ipynb
[I 17:15:05.615 NotebookApp] Kernel interrupted: a7519504-8182-41f1-82bd-be31c3cc70e4
[I 17:15:20.535 NotebookApp] Saving file at /PredictLabel.ipynb
[I 17:17:01.458 NotebookApp] Saving file at /PredictLabel.ipynb
[I 17:17:20.199 NotebookApp] Saving file at /PredictLabel.ipynb
[I 17:19:20.193 NotebookApp] Saving file at /PredictLabel.ipynb
[I 17:21:20.195 NotebookApp] Saving file at /PredictLabel.ipynb
[I 17:27:20.195 NotebookApp] Saving file at /PredictLabel.ipynb
[I 17:28:47.125 NotebookApp] Kernel interrupted: a7519504-8182-41f1-82bd-be31c3cc70e4
[I 17:29:20.198 NotebookApp] Saving file at /PredictLabel.ipynb
[I 17:31:20.200 NotebookApp] Saving file at /PredictLabel.ipynb
[I 17:33:12.341 NotebookApp] Kernel interrupted: a7519504-8182-41f1-82bd-be31c3cc70e4
[I 17:33:20.743 NotebookApp] Saving file at /PredictLabel.ipynb
[I 17:35:20.193 NotebookApp] Saving file at /PredictLabel.ipynb
[I 17:37:20.193 NotebookApp] Saving file at /PredictLabel.ipynb
[I 17:39:20.196 NotebookApp] Saving file at /PredictLabel.ipynb
[I 17:40:14.099 NotebookApp] Kernel interrupted: a7519504-8182-41f1-82bd-be31c3cc70e4
[I 17:41:20.546 NotebookApp] Saving file at /PredictLabel.ipynb
[I 17:43:20.551 NotebookApp] Saving file at /PredictLabel.ipynb
[I 17:45:20.199 NotebookApp] Saving file at /PredictLabel.ipynb
[I 17:46:28.006 NotebookApp] Kernel interrupted: a7519504-8182-41f1-82bd-be31c3cc70e4
[I 17:46:37.955 NotebookApp] Kernel interrupted: a7519504-8182-41f1-82bd-be31c3cc70e4
[I 17:47:20.199 NotebookApp] Saving file at /PredictLabel.ipynb
[I 17:47:45.581 NotebookApp] Kernel interrupted: a7519504-8182-41f1-82bd-be31c3cc70e4
[I 17:49:01.014 NotebookApp] Kernel interrupted: a7519504-8182-41f1-82bd-be31c3cc70e4
[I 17:49:05.129 NotebookApp] Saving file at /PredictLabel.ipynb
[I 17:49:20.199 NotebookApp] Saving file at /PredictLabel.ipynb
[I 17:50:56.207 NotebookApp] Kernel interrupted: a7519504-8182-41f1-82bd-be31c3cc70e4
[I 17:51:00.767 NotebookApp] Starting buffering for a7519504-8182-41f1-82bd-be31c3cc70e4:fc197e8b86404a1d8d9572ea9cda6f1e
[I 17:51:05.776 NotebookApp] Kernel restarted: a7519504-8182-41f1-82bd-be31c3cc70e4
[I 17:51:06.954 NotebookApp] Adapting to protocol v5.1 for kernel a7519504-8182-41f1-82bd-be31c3cc70e4
[I 17:51:06.959 NotebookApp] Restoring connection for a7519504-8182-41f1-82bd-be31c3cc70e4:fc197e8b86404a1d8d9572ea9cda6f1e
[I 17:51:06.959 NotebookApp] Replaying 6 buffered messages
[I 17:51:20.202 NotebookApp] Saving file at /PredictLabel.ipynb
[I 18:09:21.298 NotebookApp] Saving file at /PredictLabel.ipynb
[I 18:11:20.833 NotebookApp] Saving file at /PredictLabel.ipynb
[I 19:33:29.856 NotebookApp] Starting buffering for a7519504-8182-41f1-82bd-be31c3cc70e4:fc197e8b86404a1d8d9572ea9cda6f1e
[C 12:21:50.338 NotebookApp] received signal 15, stopping
[I 12:21:50.339 NotebookApp] Shutting down 1 kernel
[I 12:21:51.058 NotebookApp] Kernel shutdown: a7519504-8182-41f1-82bd-be31c3cc70e4
[I 15:26:52.075 NotebookApp] [jupyter_nbextensions_configurator] enabled 0.4.1
[I 15:26:52.076 NotebookApp] Serving notebooks from local directory: /Users/wenbin/Desktop/Unimelb courses/COMP90042 Web Search/Project/AutomaticFactVerification
[I 15:26:52.076 NotebookApp] The Jupyter Notebook is running at:
[I 15:26:52.076 NotebookApp] http://localhost:8888/?token=663c0553f3d7877d7bf7a11e7814143dac3b18c552607357
[I 15:26:52.076 NotebookApp] Use Control-C to stop this server and shut down all kernels (twice to skip confirmation).
[C 15:26:52.086 NotebookApp] 
    
    To access the notebook, open this file in a browser:
        file:///Users/wenbin/Library/Jupyter/runtime/nbserver-7265-open.html
    Or copy and paste one of these URLs:
        http://localhost:8888/?token=663c0553f3d7877d7bf7a11e7814143dac3b18c552607357
[I 15:27:25.662 NotebookApp] Creating new notebook in 
[I 15:27:26.853 NotebookApp] Kernel started: 0d9b7f36-c0bb-4d6a-a123-eb63c15e0ad3
[W 15:27:26.993 NotebookApp] 404 GET /nbextensions/widgets/notebook/js/extension.js?v=20190517152651 (::1) 11.20ms referer=http://localhost:8888/notebooks/Untitled.ipynb?kernel_name=python3
[I 15:27:27.535 NotebookApp] Adapting to protocol v5.1 for kernel 0d9b7f36-c0bb-4d6a-a123-eb63c15e0ad3
[I 15:29:26.791 NotebookApp] Saving file at /BERT_MLP.ipynb
[I 15:31:27.639 NotebookApp] Saving file at /BERT_MLP.ipynb
[W 15:32:00.957 NotebookApp] 404 GET /static/components/codemirror/mode/bas/bas.js?v=20190517152651 (::1) 7.74ms referer=http://localhost:8888/notebooks/BERT_MLP.ipynb
[I 15:33:26.798 NotebookApp] Saving file at /BERT_MLP.ipynb
[I 15:34:59.518 NotebookApp] Saving file at /BERT_MLP.ipynb
[I 15:35:00.873 NotebookApp] Saving file at /BERT_MLP.ipynb
[I 15:35:16.770 NotebookApp] Saving file at /BERT_MLP.ipynb
